<?xml version="1.0" encoding="UTF-8" ?>
<testsuite tests="1" failures="0" name="StepDefs.runTest" time="4.997" errors="1" skipped="0">
  <properties>
[...]
</properties>
  <testcase classname="Login page scenario list." name="Verify user is able to login using valid credentials." time="4.997">
    <error type="java.lang.NullPointerException">java.lang.NullPointerException
	at StepDefs.loginDefs.user_is_navigated_to_home_page(loginDefs.java:57)
	at ✽.user is navigated to home page(file:///C:/Users/Nikhil/eclipse-workspace/CucumberAuto/src/test/resources/Features/login.feature:9)
</error>
    <system-out>INSIDE STEP 1
INSIDE STEP 2
INSIDE STEP 3
INSIDE STEP 4
</system-out>
    <system-err>Starting ChromeDriver 96.0.4664.45 (76e4c1bb2ab4671b8beba3444e61c0f17584b2fc-refs/branch-heads/4664@{#947}) on port 62532
Only local connections are allowed.
Please see https://chromedriver.chromium.org/security-considerations for suggestions on keeping ChromeDriver safe.
ChromeDriver was started successfully.
Nov 26, 2021 1:19:10 PM org.openqa.selenium.remote.ProtocolHandshake createSession
INFO: Detected dialect: W3C
Nov 26, 2021 1:19:10 PM org.openqa.selenium.devtools.CdpVersionFinder findNearestMatch
WARNING: Unable to find an exact match for CDP version 96, so returning the closest version found: 95
Nov 26, 2021 1:19:10 PM org.openqa.selenium.devtools.CdpVersionFinder findNearestMatch
INFO: Found CDP implementation for version 96 of 95
</system-err>
  </testcase>
</testsuite>